CRITICAL - 2020-08-25 02:36:47 -->  route cannot be found while reverse-routing.
#0 /Users/nguyentinh/Sites/my/codeigniter4-icon-emoji/system/HTTP/RedirectResponse.php(92): CodeIgniter\HTTP\Exceptions\HTTPException::forInvalidRedirectRoute('')
#1 /Users/nguyentinh/Sites/my/codeigniter4-icon-emoji/system/Common.php(845): CodeIgniter\HTTP\RedirectResponse->route(false)
#2 /Users/nguyentinh/Sites/my/codeigniter4-icon-emoji/app/Controllers/Home.php(7): redirect('http://localhos...')
#3 /Users/nguyentinh/Sites/my/codeigniter4-icon-emoji/system/CodeIgniter.php(918): App\Controllers\Home->index()
#4 /Users/nguyentinh/Sites/my/codeigniter4-icon-emoji/system/CodeIgniter.php(404): CodeIgniter\CodeIgniter->runController(Object(App\Controllers\Home))
#5 /Users/nguyentinh/Sites/my/codeigniter4-icon-emoji/system/CodeIgniter.php(312): CodeIgniter\CodeIgniter->handleRequest(NULL, Object(Config\Cache), false)
#6 /Users/nguyentinh/Sites/my/codeigniter4-icon-emoji/public/index.php(45): CodeIgniter\CodeIgniter->run()
#7 /Users/nguyentinh/Sites/my/codeigniter4-icon-emoji/system/Commands/Server/rewrite.php(34): require_once('/Users/nguyenti...')
#8 {main}
CRITICAL - 2020-08-25 02:36:59 -->  route cannot be found while reverse-routing.
#0 /Users/nguyentinh/Sites/my/codeigniter4-icon-emoji/system/HTTP/RedirectResponse.php(92): CodeIgniter\HTTP\Exceptions\HTTPException::forInvalidRedirectRoute('')
#1 /Users/nguyentinh/Sites/my/codeigniter4-icon-emoji/system/Common.php(845): CodeIgniter\HTTP\RedirectResponse->route(false)
#2 /Users/nguyentinh/Sites/my/codeigniter4-icon-emoji/app/Controllers/Home.php(7): redirect('http://localhos...')
#3 /Users/nguyentinh/Sites/my/codeigniter4-icon-emoji/system/CodeIgniter.php(918): App\Controllers\Home->index()
#4 /Users/nguyentinh/Sites/my/codeigniter4-icon-emoji/system/CodeIgniter.php(404): CodeIgniter\CodeIgniter->runController(Object(App\Controllers\Home))
#5 /Users/nguyentinh/Sites/my/codeigniter4-icon-emoji/system/CodeIgniter.php(312): CodeIgniter\CodeIgniter->handleRequest(NULL, Object(Config\Cache), false)
#6 /Users/nguyentinh/Sites/my/codeigniter4-icon-emoji/public/index.php(45): CodeIgniter\CodeIgniter->run()
#7 /Users/nguyentinh/Sites/my/codeigniter4-icon-emoji/system/Commands/Server/rewrite.php(34): require_once('/Users/nguyenti...')
#8 {main}
CRITICAL - 2020-08-25 02:37:04 -->  route cannot be found while reverse-routing.
#0 /Users/nguyentinh/Sites/my/codeigniter4-icon-emoji/system/HTTP/RedirectResponse.php(92): CodeIgniter\HTTP\Exceptions\HTTPException::forInvalidRedirectRoute('')
#1 /Users/nguyentinh/Sites/my/codeigniter4-icon-emoji/system/Common.php(845): CodeIgniter\HTTP\RedirectResponse->route(false)
#2 /Users/nguyentinh/Sites/my/codeigniter4-icon-emoji/app/Controllers/Home.php(7): redirect('http://localhos...')
#3 /Users/nguyentinh/Sites/my/codeigniter4-icon-emoji/system/CodeIgniter.php(918): App\Controllers\Home->index()
#4 /Users/nguyentinh/Sites/my/codeigniter4-icon-emoji/system/CodeIgniter.php(404): CodeIgniter\CodeIgniter->runController(Object(App\Controllers\Home))
#5 /Users/nguyentinh/Sites/my/codeigniter4-icon-emoji/system/CodeIgniter.php(312): CodeIgniter\CodeIgniter->handleRequest(NULL, Object(Config\Cache), false)
#6 /Users/nguyentinh/Sites/my/codeigniter4-icon-emoji/public/index.php(45): CodeIgniter\CodeIgniter->run()
#7 /Users/nguyentinh/Sites/my/codeigniter4-icon-emoji/system/Commands/Server/rewrite.php(34): require_once('/Users/nguyenti...')
#8 {main}
